0 info it worked if it ends with ok
1 verbose cli [ '/usr/local/bin/node', '/usr/local/bin/npm', 'pub' ]
2 info using npm@3.10.8
3 info using node@v6.8.1
4 verbose publish [ '.' ]
5 silly cache add args [ '.', null ]
6 verbose cache add spec .
7 silly cache add parsed spec Result {
7 silly cache add   raw: '.',
7 silly cache add   scope: null,
7 silly cache add   escapedName: null,
7 silly cache add   name: null,
7 silly cache add   rawSpec: '.',
7 silly cache add   spec: '/Users/paolofragomeni/workroot/0x00a/node-chrome',
7 silly cache add   type: 'directory' }
8 verbose addLocalDirectory /Users/paolofragomeni/.npm/node-chrome/1.0.0/package.tgz not in flight; packing
9 verbose correctMkdir /Users/paolofragomeni/.npm correctMkdir not in flight; initializing
10 info lifecycle node-chrome@1.0.0~prepublish: node-chrome@1.0.0
11 silly lifecycle node-chrome@1.0.0~prepublish: no script for prepublish, continuing
12 verbose tar pack [ '/Users/paolofragomeni/.npm/node-chrome/1.0.0/package.tgz',
12 verbose tar pack   '/Users/paolofragomeni/workroot/0x00a/node-chrome' ]
13 verbose tarball /Users/paolofragomeni/.npm/node-chrome/1.0.0/package.tgz
14 verbose folder /Users/paolofragomeni/workroot/0x00a/node-chrome
15 verbose addLocalTarball adding from inside cache /Users/paolofragomeni/.npm/node-chrome/1.0.0/package.tgz
16 verbose correctMkdir /Users/paolofragomeni/.npm correctMkdir not in flight; initializing
17 silly cache afterAdd node-chrome@1.0.0
18 verbose afterAdd /Users/paolofragomeni/.npm/node-chrome/1.0.0/package/package.json not in flight; writing
19 verbose correctMkdir /Users/paolofragomeni/.npm correctMkdir not in flight; initializing
20 verbose afterAdd /Users/paolofragomeni/.npm/node-chrome/1.0.0/package/package.json written
21 silly publish { name: 'node-chrome',
21 silly publish   version: '1.0.0',
21 silly publish   description: 'Run chrome headlessly as a module or as a command from the commandline.',
21 silly publish   main: 'index.js',
21 silly publish   bin: { 'node-chrome': 'index.js' },
21 silly publish   directories: { test: 'test' },
21 silly publish   dependencies: { electron: '^1.4.10' },
21 silly publish   devDependencies: { tape: '^4.6.3' },
21 silly publish   scripts: { test: 'node test/index.js' },
21 silly publish   repository:
21 silly publish    { type: 'git',
21 silly publish      url: 'git+https://github.com/0x00A/node-chrome.git' },
21 silly publish   author: { name: 'hij1nx' },
21 silly publish   license: 'ISC',
21 silly publish   bugs: { url: 'https://github.com/0x00A/node-chrome/issues' },
21 silly publish   homepage: 'https://github.com/0x00A/node-chrome#readme',
21 silly publish   readme: '# SYNOPSIS\nRun chrome headlessly as a module or as a command from the commandline. This\nproject was inspired by [electron-stream](https://github.com/juliangruber/electron-stream),\nit\'s similar but doesnt require node streams or any servers.\n\n# USAGE\n\n## FROM THE COMMANDLINE\n```bash\nnode-chrome index.js index.html\n```\n\n## AS A MODULE\n```js\nconst chrome = require(\'node-chrome\')\nconst path = require(\'path\')\n\nconst js = path.join(__dirname, \'index.js\')\nconst html = path.join(__dirname, \'index.html\')\n\nconst chrome = chrome(js, html)\nchrome.on(\'stdout\', (data) => console.log(data))\nchrome.on(\'exit\', (code, sig) => process.exit(code, sig))\n```\n\n',
21 silly publish   readmeFilename: 'README.md',
21 silly publish   gitHead: '5c5869bf066c58fdc8085187e3991084e8d97249',
21 silly publish   _id: 'node-chrome@1.0.0',
21 silly publish   _shasum: 'afca942d1763ddc1b274bf305182787467661519',
21 silly publish   _from: '.' }
22 verbose getPublishConfig undefined
23 silly mapToRegistry name node-chrome
24 silly mapToRegistry using default registry
25 silly mapToRegistry registry https://registry.npmjs.org/
26 silly mapToRegistry data Result {
26 silly mapToRegistry   raw: 'node-chrome',
26 silly mapToRegistry   scope: null,
26 silly mapToRegistry   escapedName: 'node-chrome',
26 silly mapToRegistry   name: 'node-chrome',
26 silly mapToRegistry   rawSpec: '',
26 silly mapToRegistry   spec: 'latest',
26 silly mapToRegistry   type: 'tag' }
27 silly mapToRegistry uri https://registry.npmjs.org/node-chrome
28 verbose publish registryBase https://registry.npmjs.org/
29 silly publish uploading /Users/paolofragomeni/.npm/node-chrome/1.0.0/package.tgz
30 verbose request uri https://registry.npmjs.org/node-chrome
31 verbose request sending authorization for write operation
32 info attempt registry request try #1 at 5:30:17 PM
33 verbose request using bearer token for auth
34 verbose request id dbb35b53345b3dcc
35 http request PUT https://registry.npmjs.org/node-chrome
36 http 403 https://registry.npmjs.org/node-chrome
37 verbose headers { 'content-type': 'application/json',
37 verbose headers   'cache-control': 'max-age=300',
37 verbose headers   'content-length': '95',
37 verbose headers   'accept-ranges': 'bytes',
37 verbose headers   date: 'Mon, 05 Dec 2016 16:30:19 GMT',
37 verbose headers   via: '1.1 varnish',
37 verbose headers   connection: 'keep-alive',
37 verbose headers   'x-served-by': 'cache-lcy1122-LCY',
37 verbose headers   'x-cache': 'MISS',
37 verbose headers   'x-cache-hits': '0',
37 verbose headers   'x-timer': 'S1480955418.102970,VS0,VE1145',
37 verbose headers   vary: 'Accept-Encoding' }
38 verbose request invalidating /Users/paolofragomeni/.npm/registry.npmjs.org/node-chrome on PUT
39 error publish Failed PUT 403
40 verbose stack Error: "You cannot publish over the previously published version 1.0.0." : node-chrome
40 verbose stack     at makeError (/usr/local/lib/node_modules/npm/node_modules/npm-registry-client/lib/request.js:302:12)
40 verbose stack     at CachingRegistryClient.<anonymous> (/usr/local/lib/node_modules/npm/node_modules/npm-registry-client/lib/request.js:290:14)
40 verbose stack     at Request._callback (/usr/local/lib/node_modules/npm/node_modules/npm-registry-client/lib/request.js:210:14)
40 verbose stack     at Request.self.callback (/usr/local/lib/node_modules/npm/node_modules/request/request.js:187:22)
40 verbose stack     at emitTwo (events.js:106:13)
40 verbose stack     at Request.emit (events.js:191:7)
40 verbose stack     at Request.<anonymous> (/usr/local/lib/node_modules/npm/node_modules/request/request.js:1044:10)
40 verbose stack     at emitOne (events.js:96:13)
40 verbose stack     at Request.emit (events.js:188:7)
40 verbose stack     at IncomingMessage.<anonymous> (/usr/local/lib/node_modules/npm/node_modules/request/request.js:965:12)
41 verbose statusCode 403
42 verbose pkgid node-chrome
43 verbose cwd /Users/paolofragomeni/workroot/0x00a/node-chrome
44 error Darwin 16.0.0
45 error argv "/usr/local/bin/node" "/usr/local/bin/npm" "pub"
46 error node v6.8.1
47 error npm  v3.10.8
48 error code E403
49 error "You cannot publish over the previously published version 1.0.0." : node-chrome
50 error If you need help, you may report this error at:
50 error     <https://github.com/npm/npm/issues>
51 verbose exit [ 1, true ]
